time="2021-02-26T10:23:12-05:00" level=debug msg="OpenShift Installer 4.6.4"
time="2021-02-26T10:23:12-05:00" level=debug msg="Built from commit 6e02d049701437fa81521fe981405745a62c86c5"
time="2021-02-26T10:23:12-05:00" level=debug msg="Fetching Master Machines..."
time="2021-02-26T10:23:12-05:00" level=debug msg="Loading Master Machines..."
time="2021-02-26T10:23:12-05:00" level=debug msg="  Loading Cluster ID..."
time="2021-02-26T10:23:12-05:00" level=debug msg="    Loading Install Config..."
time="2021-02-26T10:23:12-05:00" level=debug msg="      Loading SSH Key..."
time="2021-02-26T10:23:12-05:00" level=debug msg="      Loading Base Domain..."
time="2021-02-26T10:23:12-05:00" level=debug msg="        Loading Platform..."
time="2021-02-26T10:23:12-05:00" level=debug msg="      Loading Cluster Name..."
time="2021-02-26T10:23:12-05:00" level=debug msg="        Loading Base Domain..."
time="2021-02-26T10:23:12-05:00" level=debug msg="        Loading Platform..."
time="2021-02-26T10:23:12-05:00" level=debug msg="      Loading Pull Secret..."
time="2021-02-26T10:23:12-05:00" level=debug msg="      Loading Platform..."
time="2021-02-26T10:23:12-05:00" level=debug msg="    Using Install Config loaded from target directory"
time="2021-02-26T10:23:12-05:00" level=debug msg="  Loading Platform Credentials Check..."
time="2021-02-26T10:23:12-05:00" level=debug msg="    Loading Install Config..."
time="2021-02-26T10:23:12-05:00" level=debug msg="  Loading Install Config..."
time="2021-02-26T10:23:12-05:00" level=debug msg="  Loading Image..."
time="2021-02-26T10:23:12-05:00" level=debug msg="    Loading Install Config..."
time="2021-02-26T10:23:12-05:00" level=debug msg="  Loading Master Ignition Config..."
time="2021-02-26T10:23:12-05:00" level=debug msg="    Loading Install Config..."
time="2021-02-26T10:23:12-05:00" level=debug msg="    Loading Root CA..."
time="2021-02-26T10:23:12-05:00" level=debug msg="  Fetching Cluster ID..."
time="2021-02-26T10:23:12-05:00" level=debug msg="    Fetching Install Config..."
time="2021-02-26T10:23:12-05:00" level=debug msg="    Reusing previously-fetched Install Config"
time="2021-02-26T10:23:12-05:00" level=debug msg="  Generating Cluster ID..."
time="2021-02-26T10:23:12-05:00" level=debug msg="  Fetching Platform Credentials Check..."
time="2021-02-26T10:23:12-05:00" level=debug msg="    Fetching Install Config..."
time="2021-02-26T10:23:12-05:00" level=debug msg="    Reusing previously-fetched Install Config"
time="2021-02-26T10:23:12-05:00" level=debug msg="  Generating Platform Credentials Check..."
time="2021-02-26T10:23:12-05:00" level=debug msg="  Fetching Install Config..."
time="2021-02-26T10:23:12-05:00" level=debug msg="  Reusing previously-fetched Install Config"
time="2021-02-26T10:23:12-05:00" level=debug msg="  Fetching Image..."
time="2021-02-26T10:23:12-05:00" level=debug msg="    Fetching Install Config..."
time="2021-02-26T10:23:12-05:00" level=debug msg="    Reusing previously-fetched Install Config"
time="2021-02-26T10:23:12-05:00" level=debug msg="  Generating Image..."
time="2021-02-26T10:23:12-05:00" level=debug msg="  Fetching Master Ignition Config..."
time="2021-02-26T10:23:12-05:00" level=debug msg="    Fetching Install Config..."
time="2021-02-26T10:23:12-05:00" level=debug msg="    Reusing previously-fetched Install Config"
time="2021-02-26T10:23:12-05:00" level=debug msg="    Fetching Root CA..."
time="2021-02-26T10:23:12-05:00" level=debug msg="    Generating Root CA..."
time="2021-02-26T10:23:12-05:00" level=debug msg="  Generating Master Ignition Config..."
time="2021-02-26T10:23:12-05:00" level=debug msg="Generating Master Machines..."
time="2021-02-26T10:23:12-05:00" level=info msg="Consuming Install Config from target directory"
time="2021-02-26T10:23:12-05:00" level=debug msg="Purging asset \"Install Config\" from disk"
time="2021-02-26T10:23:12-05:00" level=debug msg="Fetching Worker Machines..."
time="2021-02-26T10:23:12-05:00" level=debug msg="Loading Worker Machines..."
time="2021-02-26T10:23:12-05:00" level=debug msg="  Loading Cluster ID..."
time="2021-02-26T10:23:12-05:00" level=debug msg="  Loading Platform Credentials Check..."
time="2021-02-26T10:23:12-05:00" level=debug msg="  Loading Install Config..."
time="2021-02-26T10:23:12-05:00" level=debug msg="  Loading Image..."
time="2021-02-26T10:23:12-05:00" level=debug msg="  Loading Worker Ignition Config..."
time="2021-02-26T10:23:12-05:00" level=debug msg="    Loading Install Config..."
time="2021-02-26T10:23:12-05:00" level=debug msg="    Loading Root CA..."
time="2021-02-26T10:23:12-05:00" level=debug msg="  Fetching Cluster ID..."
time="2021-02-26T10:23:12-05:00" level=debug msg="  Reusing previously-fetched Cluster ID"
time="2021-02-26T10:23:12-05:00" level=debug msg="  Fetching Platform Credentials Check..."
time="2021-02-26T10:23:12-05:00" level=debug msg="  Reusing previously-fetched Platform Credentials Check"
time="2021-02-26T10:23:12-05:00" level=debug msg="  Fetching Install Config..."
time="2021-02-26T10:23:12-05:00" level=debug msg="  Reusing previously-fetched Install Config"
time="2021-02-26T10:23:12-05:00" level=debug msg="  Fetching Image..."
time="2021-02-26T10:23:12-05:00" level=debug msg="  Reusing previously-fetched Image"
time="2021-02-26T10:23:12-05:00" level=debug msg="  Fetching Worker Ignition Config..."
time="2021-02-26T10:23:12-05:00" level=debug msg="    Fetching Install Config..."
time="2021-02-26T10:23:12-05:00" level=debug msg="    Reusing previously-fetched Install Config"
time="2021-02-26T10:23:12-05:00" level=debug msg="    Fetching Root CA..."
time="2021-02-26T10:23:12-05:00" level=debug msg="    Reusing previously-fetched Root CA"
time="2021-02-26T10:23:12-05:00" level=debug msg="  Generating Worker Ignition Config..."
time="2021-02-26T10:23:12-05:00" level=debug msg="Generating Worker Machines..."
time="2021-02-26T10:23:12-05:00" level=debug msg="Fetching Common Manifests..."
time="2021-02-26T10:23:12-05:00" level=debug msg="Loading Common Manifests..."
time="2021-02-26T10:23:12-05:00" level=debug msg="  Loading Cluster ID..."
time="2021-02-26T10:23:12-05:00" level=debug msg="  Loading Install Config..."
time="2021-02-26T10:23:12-05:00" level=debug msg="  Loading Ingress Config..."
time="2021-02-26T10:23:12-05:00" level=debug msg="    Loading Install Config..."
time="2021-02-26T10:23:12-05:00" level=debug msg="  Loading DNS Config..."
time="2021-02-26T10:23:12-05:00" level=debug msg="    Loading Install Config..."
time="2021-02-26T10:23:12-05:00" level=debug msg="    Loading Cluster ID..."
time="2021-02-26T10:23:12-05:00" level=debug msg="    Loading Platform Credentials Check..."
time="2021-02-26T10:23:12-05:00" level=debug msg="  Loading Infrastructure Config..."
time="2021-02-26T10:23:12-05:00" level=debug msg="    Loading Cluster ID..."
time="2021-02-26T10:23:12-05:00" level=debug msg="    Loading Install Config..."
time="2021-02-26T10:23:12-05:00" level=debug msg="    Loading Cloud Provider Config..."
time="2021-02-26T10:23:12-05:00" level=debug msg="      Loading Install Config..."
time="2021-02-26T10:23:12-05:00" level=debug msg="      Loading Cluster ID..."
time="2021-02-26T10:23:12-05:00" level=debug msg="      Loading Platform Credentials Check..."
time="2021-02-26T10:23:12-05:00" level=debug msg="    Loading Additional Trust Bundle Config..."
time="2021-02-26T10:23:12-05:00" level=debug msg="      Loading Install Config..."
time="2021-02-26T10:23:12-05:00" level=debug msg="  Loading Network Config..."
time="2021-02-26T10:23:12-05:00" level=debug msg="    Loading Install Config..."
time="2021-02-26T10:23:12-05:00" level=debug msg="    Loading Network CRDs..."
time="2021-02-26T10:23:12-05:00" level=debug msg="  Loading Proxy Config..."
time="2021-02-26T10:23:12-05:00" level=debug msg="    Loading Install Config..."
time="2021-02-26T10:23:12-05:00" level=debug msg="    Loading Network Config..."
time="2021-02-26T10:23:12-05:00" level=debug msg="  Loading Scheduler Config..."
time="2021-02-26T10:23:12-05:00" level=debug msg="    Loading Install Config..."
time="2021-02-26T10:23:12-05:00" level=debug msg="  Loading Image Content Source Policy..."
time="2021-02-26T10:23:12-05:00" level=debug msg="    Loading Install Config..."
time="2021-02-26T10:23:12-05:00" level=debug msg="  Loading Root CA..."
time="2021-02-26T10:23:12-05:00" level=debug msg="  Loading Certificate (etcd-signer)..."
time="2021-02-26T10:23:12-05:00" level=debug msg="  Loading Certificate (etcd-ca-bundle)..."
time="2021-02-26T10:23:12-05:00" level=debug msg="    Loading Certificate (etcd-signer)..."
time="2021-02-26T10:23:12-05:00" level=debug msg="  Loading Certificate (etcd-client)..."
time="2021-02-26T10:23:12-05:00" level=debug msg="    Loading Certificate (etcd-signer)..."
time="2021-02-26T10:23:12-05:00" level=debug msg="  Loading Certificate (etcd-metric-ca-bundle)..."
time="2021-02-26T10:23:12-05:00" level=debug msg="    Loading Certificate (etcd-metric-signer)..."
time="2021-02-26T10:23:12-05:00" level=debug msg="  Loading Certificate (etcd-metric-signer)..."
time="2021-02-26T10:23:12-05:00" level=debug msg="  Loading Certificate (etcd-metric-signer-client)..."
time="2021-02-26T10:23:12-05:00" level=debug msg="    Loading Certificate (etcd-metric-signer)..."
time="2021-02-26T10:23:12-05:00" level=debug msg="  Loading Certificate (mcs)..."
time="2021-02-26T10:23:12-05:00" level=debug msg="    Loading Root CA..."
time="2021-02-26T10:23:12-05:00" level=debug msg="    Loading Install Config..."
time="2021-02-26T10:23:12-05:00" level=debug msg="  Loading CVOOverrides..."
time="2021-02-26T10:23:12-05:00" level=debug msg="  Loading EtcdCAConfigMap..."
time="2021-02-26T10:23:12-05:00" level=debug msg="  Loading EtcdClientSecret..."
time="2021-02-26T10:23:12-05:00" level=debug msg="  Loading EtcdMetricClientSecret..."
time="2021-02-26T10:23:12-05:00" level=debug msg="  Loading EtcdMetricServingCAConfigMap..."
time="2021-02-26T10:23:12-05:00" level=debug msg="  Loading EtcdMetricSignerSecret..."
time="2021-02-26T10:23:12-05:00" level=debug msg="  Loading EtcdNamespace..."
time="2021-02-26T10:23:12-05:00" level=debug msg="  Loading EtcdService..."
time="2021-02-26T10:23:12-05:00" level=debug msg="  Loading EtcdSignerSecret..."
time="2021-02-26T10:23:12-05:00" level=debug msg="  Loading KubeCloudConfig..."
time="2021-02-26T10:23:12-05:00" level=debug msg="  Loading EtcdServingCAConfigMap..."
time="2021-02-26T10:23:12-05:00" level=debug msg="  Loading KubeSystemConfigmapRootCA..."
time="2021-02-26T10:23:12-05:00" level=debug msg="  Loading MachineConfigServerTLSSecret..."
time="2021-02-26T10:23:12-05:00" level=debug msg="  Loading OpenshiftConfigSecretPullSecret..."
time="2021-02-26T10:23:12-05:00" level=debug msg="  Loading OpenshiftMachineConfigOperator..."
time="2021-02-26T10:23:12-05:00" level=debug msg="  Fetching Cluster ID..."
time="2021-02-26T10:23:12-05:00" level=debug msg="  Reusing previously-fetched Cluster ID"
time="2021-02-26T10:23:12-05:00" level=debug msg="  Fetching Install Config..."
time="2021-02-26T10:23:12-05:00" level=debug msg="  Reusing previously-fetched Install Config"
time="2021-02-26T10:23:12-05:00" level=debug msg="  Fetching Ingress Config..."
time="2021-02-26T10:23:12-05:00" level=debug msg="    Fetching Install Config..."
time="2021-02-26T10:23:12-05:00" level=debug msg="    Reusing previously-fetched Install Config"
time="2021-02-26T10:23:12-05:00" level=debug msg="  Generating Ingress Config..."
time="2021-02-26T10:23:12-05:00" level=debug msg="  Fetching DNS Config..."
time="2021-02-26T10:23:12-05:00" level=debug msg="    Fetching Install Config..."
time="2021-02-26T10:23:12-05:00" level=debug msg="    Reusing previously-fetched Install Config"
time="2021-02-26T10:23:12-05:00" level=debug msg="    Fetching Cluster ID..."
time="2021-02-26T10:23:12-05:00" level=debug msg="    Reusing previously-fetched Cluster ID"
time="2021-02-26T10:23:12-05:00" level=debug msg="    Fetching Platform Credentials Check..."
time="2021-02-26T10:23:12-05:00" level=debug msg="    Reusing previously-fetched Platform Credentials Check"
time="2021-02-26T10:23:12-05:00" level=debug msg="  Generating DNS Config..."
time="2021-02-26T10:23:12-05:00" level=debug msg="  Fetching Infrastructure Config..."
time="2021-02-26T10:23:12-05:00" level=debug msg="    Fetching Cluster ID..."
time="2021-02-26T10:23:12-05:00" level=debug msg="    Reusing previously-fetched Cluster ID"
time="2021-02-26T10:23:12-05:00" level=debug msg="    Fetching Install Config..."
time="2021-02-26T10:23:12-05:00" level=debug msg="    Reusing previously-fetched Install Config"
time="2021-02-26T10:23:12-05:00" level=debug msg="    Fetching Cloud Provider Config..."
time="2021-02-26T10:23:12-05:00" level=debug msg="      Fetching Install Config..."
time="2021-02-26T10:23:12-05:00" level=debug msg="      Reusing previously-fetched Install Config"
time="2021-02-26T10:23:12-05:00" level=debug msg="      Fetching Cluster ID..."
time="2021-02-26T10:23:12-05:00" level=debug msg="      Reusing previously-fetched Cluster ID"
time="2021-02-26T10:23:12-05:00" level=debug msg="      Fetching Platform Credentials Check..."
time="2021-02-26T10:23:12-05:00" level=debug msg="      Reusing previously-fetched Platform Credentials Check"
time="2021-02-26T10:23:12-05:00" level=debug msg="    Generating Cloud Provider Config..."
time="2021-02-26T10:23:12-05:00" level=debug msg="    Fetching Additional Trust Bundle Config..."
time="2021-02-26T10:23:12-05:00" level=debug msg="      Fetching Install Config..."
time="2021-02-26T10:23:12-05:00" level=debug msg="      Reusing previously-fetched Install Config"
time="2021-02-26T10:23:12-05:00" level=debug msg="    Generating Additional Trust Bundle Config..."
time="2021-02-26T10:23:12-05:00" level=debug msg="  Generating Infrastructure Config..."
time="2021-02-26T10:23:12-05:00" level=debug msg="  Fetching Network Config..."
time="2021-02-26T10:23:12-05:00" level=debug msg="    Fetching Install Config..."
time="2021-02-26T10:23:12-05:00" level=debug msg="    Reusing previously-fetched Install Config"
time="2021-02-26T10:23:12-05:00" level=debug msg="    Fetching Network CRDs..."
time="2021-02-26T10:23:12-05:00" level=debug msg="    Generating Network CRDs..."
time="2021-02-26T10:23:12-05:00" level=debug msg="  Generating Network Config..."
time="2021-02-26T10:23:12-05:00" level=debug msg="  Fetching Proxy Config..."
time="2021-02-26T10:23:12-05:00" level=debug msg="    Fetching Install Config..."
time="2021-02-26T10:23:12-05:00" level=debug msg="    Reusing previously-fetched Install Config"
time="2021-02-26T10:23:12-05:00" level=debug msg="    Fetching Network Config..."
time="2021-02-26T10:23:12-05:00" level=debug msg="    Reusing previously-fetched Network Config"
time="2021-02-26T10:23:12-05:00" level=debug msg="  Generating Proxy Config..."
time="2021-02-26T10:23:12-05:00" level=debug msg="  Fetching Scheduler Config..."
time="2021-02-26T10:23:12-05:00" level=debug msg="    Fetching Install Config..."
time="2021-02-26T10:23:12-05:00" level=debug msg="    Reusing previously-fetched Install Config"
time="2021-02-26T10:23:12-05:00" level=debug msg="  Generating Scheduler Config..."
time="2021-02-26T10:23:12-05:00" level=debug msg="  Fetching Image Content Source Policy..."
time="2021-02-26T10:23:12-05:00" level=debug msg="    Fetching Install Config..."
time="2021-02-26T10:23:12-05:00" level=debug msg="    Reusing previously-fetched Install Config"
time="2021-02-26T10:23:12-05:00" level=debug msg="  Generating Image Content Source Policy..."
time="2021-02-26T10:23:12-05:00" level=debug msg="  Fetching Root CA..."
time="2021-02-26T10:23:12-05:00" level=debug msg="  Reusing previously-fetched Root CA"
time="2021-02-26T10:23:12-05:00" level=debug msg="  Fetching Certificate (etcd-signer)..."
time="2021-02-26T10:23:12-05:00" level=debug msg="  Generating Certificate (etcd-signer)..."
time="2021-02-26T10:23:13-05:00" level=debug msg="  Fetching Certificate (etcd-ca-bundle)..."
time="2021-02-26T10:23:13-05:00" level=debug msg="    Fetching Certificate (etcd-signer)..."
time="2021-02-26T10:23:13-05:00" level=debug msg="    Reusing previously-fetched Certificate (etcd-signer)"
time="2021-02-26T10:23:13-05:00" level=debug msg="  Generating Certificate (etcd-ca-bundle)..."
time="2021-02-26T10:23:13-05:00" level=debug msg="  Fetching Certificate (etcd-client)..."
time="2021-02-26T10:23:13-05:00" level=debug msg="    Fetching Certificate (etcd-signer)..."
time="2021-02-26T10:23:13-05:00" level=debug msg="    Reusing previously-fetched Certificate (etcd-signer)"
time="2021-02-26T10:23:13-05:00" level=debug msg="  Generating Certificate (etcd-client)..."
time="2021-02-26T10:23:13-05:00" level=debug msg="  Fetching Certificate (etcd-metric-ca-bundle)..."
time="2021-02-26T10:23:13-05:00" level=debug msg="    Fetching Certificate (etcd-metric-signer)..."
time="2021-02-26T10:23:13-05:00" level=debug msg="    Generating Certificate (etcd-metric-signer)..."
time="2021-02-26T10:23:13-05:00" level=debug msg="  Generating Certificate (etcd-metric-ca-bundle)..."
time="2021-02-26T10:23:13-05:00" level=debug msg="  Fetching Certificate (etcd-metric-signer)..."
time="2021-02-26T10:23:13-05:00" level=debug msg="  Reusing previously-fetched Certificate (etcd-metric-signer)"
time="2021-02-26T10:23:13-05:00" level=debug msg="  Fetching Certificate (etcd-metric-signer-client)..."
time="2021-02-26T10:23:13-05:00" level=debug msg="    Fetching Certificate (etcd-metric-signer)..."
time="2021-02-26T10:23:13-05:00" level=debug msg="    Reusing previously-fetched Certificate (etcd-metric-signer)"
time="2021-02-26T10:23:13-05:00" level=debug msg="  Generating Certificate (etcd-metric-signer-client)..."
time="2021-02-26T10:23:13-05:00" level=debug msg="  Fetching Certificate (mcs)..."
time="2021-02-26T10:23:13-05:00" level=debug msg="    Fetching Root CA..."
time="2021-02-26T10:23:13-05:00" level=debug msg="    Reusing previously-fetched Root CA"
time="2021-02-26T10:23:13-05:00" level=debug msg="    Fetching Install Config..."
time="2021-02-26T10:23:13-05:00" level=debug msg="    Reusing previously-fetched Install Config"
time="2021-02-26T10:23:13-05:00" level=debug msg="  Generating Certificate (mcs)..."
time="2021-02-26T10:23:13-05:00" level=debug msg="  Fetching CVOOverrides..."
time="2021-02-26T10:23:13-05:00" level=debug msg="  Generating CVOOverrides..."
time="2021-02-26T10:23:13-05:00" level=debug msg="  Fetching EtcdCAConfigMap..."
time="2021-02-26T10:23:13-05:00" level=debug msg="  Generating EtcdCAConfigMap..."
time="2021-02-26T10:23:13-05:00" level=debug msg="  Fetching EtcdClientSecret..."
time="2021-02-26T10:23:13-05:00" level=debug msg="  Generating EtcdClientSecret..."
time="2021-02-26T10:23:13-05:00" level=debug msg="  Fetching EtcdMetricClientSecret..."
time="2021-02-26T10:23:13-05:00" level=debug msg="  Generating EtcdMetricClientSecret..."
time="2021-02-26T10:23:13-05:00" level=debug msg="  Fetching EtcdMetricServingCAConfigMap..."
time="2021-02-26T10:23:13-05:00" level=debug msg="  Generating EtcdMetricServingCAConfigMap..."
time="2021-02-26T10:23:13-05:00" level=debug msg="  Fetching EtcdMetricSignerSecret..."
time="2021-02-26T10:23:13-05:00" level=debug msg="  Generating EtcdMetricSignerSecret..."
time="2021-02-26T10:23:13-05:00" level=debug msg="  Fetching EtcdNamespace..."
time="2021-02-26T10:23:13-05:00" level=debug msg="  Generating EtcdNamespace..."
time="2021-02-26T10:23:13-05:00" level=debug msg="  Fetching EtcdService..."
time="2021-02-26T10:23:13-05:00" level=debug msg="  Generating EtcdService..."
time="2021-02-26T10:23:13-05:00" level=debug msg="  Fetching EtcdSignerSecret..."
time="2021-02-26T10:23:13-05:00" level=debug msg="  Generating EtcdSignerSecret..."
time="2021-02-26T10:23:13-05:00" level=debug msg="  Fetching KubeCloudConfig..."
time="2021-02-26T10:23:13-05:00" level=debug msg="  Generating KubeCloudConfig..."
time="2021-02-26T10:23:13-05:00" level=debug msg="  Fetching EtcdServingCAConfigMap..."
time="2021-02-26T10:23:13-05:00" level=debug msg="  Generating EtcdServingCAConfigMap..."
time="2021-02-26T10:23:13-05:00" level=debug msg="  Fetching KubeSystemConfigmapRootCA..."
time="2021-02-26T10:23:13-05:00" level=debug msg="  Generating KubeSystemConfigmapRootCA..."
time="2021-02-26T10:23:13-05:00" level=debug msg="  Fetching MachineConfigServerTLSSecret..."
time="2021-02-26T10:23:13-05:00" level=debug msg="  Generating MachineConfigServerTLSSecret..."
time="2021-02-26T10:23:13-05:00" level=debug msg="  Fetching OpenshiftConfigSecretPullSecret..."
time="2021-02-26T10:23:13-05:00" level=debug msg="  Generating OpenshiftConfigSecretPullSecret..."
time="2021-02-26T10:23:13-05:00" level=debug msg="  Fetching OpenshiftMachineConfigOperator..."
time="2021-02-26T10:23:13-05:00" level=debug msg="  Generating OpenshiftMachineConfigOperator..."
time="2021-02-26T10:23:13-05:00" level=debug msg="Generating Common Manifests..."
time="2021-02-26T10:23:13-05:00" level=debug msg="Fetching Openshift Manifests..."
time="2021-02-26T10:23:13-05:00" level=debug msg="Loading Openshift Manifests..."
time="2021-02-26T10:23:13-05:00" level=debug msg="  Loading Install Config..."
time="2021-02-26T10:23:13-05:00" level=debug msg="  Loading Cluster ID..."
time="2021-02-26T10:23:13-05:00" level=debug msg="  Loading Kubeadmin Password..."
time="2021-02-26T10:23:13-05:00" level=debug msg="  Loading OpenShift Install (Manifests)..."
time="2021-02-26T10:23:13-05:00" level=debug msg="  Loading CloudCredsSecret..."
time="2021-02-26T10:23:13-05:00" level=debug msg="  Loading KubeadminPasswordSecret..."
time="2021-02-26T10:23:13-05:00" level=debug msg="  Loading RoleCloudCredsSecretReader..."
time="2021-02-26T10:23:13-05:00" level=debug msg="  Loading Private Cluster Outbound Service..."
time="2021-02-26T10:23:13-05:00" level=debug msg="  Loading Baremetal Config CR..."
time="2021-02-26T10:23:13-05:00" level=debug msg="  Loading Image..."
time="2021-02-26T10:23:13-05:00" level=debug msg="  Fetching Install Config..."
time="2021-02-26T10:23:13-05:00" level=debug msg="  Reusing previously-fetched Install Config"
time="2021-02-26T10:23:13-05:00" level=debug msg="  Fetching Cluster ID..."
time="2021-02-26T10:23:13-05:00" level=debug msg="  Reusing previously-fetched Cluster ID"
time="2021-02-26T10:23:13-05:00" level=debug msg="  Fetching Kubeadmin Password..."
time="2021-02-26T10:23:13-05:00" level=debug msg="  Generating Kubeadmin Password..."
time="2021-02-26T10:23:13-05:00" level=debug msg="  Fetching OpenShift Install (Manifests)..."
time="2021-02-26T10:23:13-05:00" level=debug msg="  Generating OpenShift Install (Manifests)..."
time="2021-02-26T10:23:13-05:00" level=debug msg="  Fetching CloudCredsSecret..."
time="2021-02-26T10:23:13-05:00" level=debug msg="  Generating CloudCredsSecret..."
time="2021-02-26T10:23:13-05:00" level=debug msg="  Fetching KubeadminPasswordSecret..."
time="2021-02-26T10:23:13-05:00" level=debug msg="  Generating KubeadminPasswordSecret..."
time="2021-02-26T10:23:13-05:00" level=debug msg="  Fetching RoleCloudCredsSecretReader..."
time="2021-02-26T10:23:13-05:00" level=debug msg="  Generating RoleCloudCredsSecretReader..."
time="2021-02-26T10:23:13-05:00" level=debug msg="  Fetching Private Cluster Outbound Service..."
time="2021-02-26T10:23:13-05:00" level=debug msg="  Generating Private Cluster Outbound Service..."
time="2021-02-26T10:23:13-05:00" level=debug msg="  Fetching Baremetal Config CR..."
time="2021-02-26T10:23:13-05:00" level=debug msg="  Generating Baremetal Config CR..."
time="2021-02-26T10:23:13-05:00" level=debug msg="  Fetching Image..."
time="2021-02-26T10:23:13-05:00" level=debug msg="  Reusing previously-fetched Image"
time="2021-02-26T10:23:13-05:00" level=debug msg="Generating Openshift Manifests..."
time="2021-02-26T10:23:13-05:00" level=info msg="Manifests created in: manifests and openshift"
